Rodada 1 
Params: nq=128 npp=400000 d=300 k=1024  procs=2  threads/rank=8 verify=off

[KNN Timing]
Total (incl. Tx P/Q, compute, Rx R): 17.529565 s
  Bcast(P):   0.531145 s
  Scatter(Q): 0.000204 s
  Compute:    16.997553 s (threads/rank=8)
  Gather(R):  0.000654 s

Rodada 2 
Params: nq=128 npp=400000 d=300 k=1024  procs=2  threads/rank=8 verify=off

[KNN Timing]
Total (incl. Tx P/Q, compute, Rx R): 17.579679 s
  Bcast(P):   0.531204 s
  Scatter(Q): 0.000246 s
  Compute:    17.047542 s (threads/rank=8)
  Gather(R):  0.000679 s

Rodada 3 
Params: nq=128 npp=400000 d=300 k=1024  procs=2  threads/rank=8 verify=off

[KNN Timing]
Total (incl. Tx P/Q, compute, Rx R): 17.521919 s
  Bcast(P):   0.537756 s
  Scatter(Q): 0.000212 s
  Compute:    16.983252 s (threads/rank=8)
  Gather(R):  0.000691 s

Rodada 4 
Params: nq=128 npp=400000 d=300 k=1024  procs=2  threads/rank=8 verify=off

[KNN Timing]
Total (incl. Tx P/Q, compute, Rx R): 17.580999 s
  Bcast(P):   0.535106 s
  Scatter(Q): 0.000208 s
  Compute:    17.044994 s (threads/rank=8)
  Gather(R):  0.000684 s

Rodada 5 
Params: nq=128 npp=400000 d=300 k=1024  procs=2  threads/rank=8 verify=off

[KNN Timing]
Total (incl. Tx P/Q, compute, Rx R): 17.575380 s
  Bcast(P):   0.534524 s
  Scatter(Q): 0.000218 s
  Compute:    17.039972 s (threads/rank=8)
  Gather(R):  0.000654 s

Rodada 6 
Params: nq=128 npp=400000 d=300 k=1024  procs=2  threads/rank=8 verify=off

[KNN Timing]
Total (incl. Tx P/Q, compute, Rx R): 17.536481 s
  Bcast(P):   0.532493 s
  Scatter(Q): 0.000206 s
  Compute:    17.003132 s (threads/rank=8)
  Gather(R):  0.000642 s

Rodada 7 
Params: nq=128 npp=400000 d=300 k=1024  procs=2  threads/rank=8 verify=off

[KNN Timing]
Total (incl. Tx P/Q, compute, Rx R): 17.579261 s
  Bcast(P):   0.529588 s
  Scatter(Q): 0.000197 s
  Compute:    17.048844 s (threads/rank=8)
  Gather(R):  0.000624 s

Rodada 8 
Params: nq=128 npp=400000 d=300 k=1024  procs=2  threads/rank=8 verify=off

[KNN Timing]
Total (incl. Tx P/Q, compute, Rx R): 17.535292 s
  Bcast(P):   0.534212 s
  Scatter(Q): 0.000217 s
  Compute:    17.000221 s (threads/rank=8)
  Gather(R):  0.000634 s

Rodada 9 
Params: nq=128 npp=400000 d=300 k=1024  procs=2  threads/rank=8 verify=off

[KNN Timing]
Total (incl. Tx P/Q, compute, Rx R): 17.540476 s
  Bcast(P):   0.533649 s
  Scatter(Q): 0.000213 s
  Compute:    17.005970 s (threads/rank=8)
  Gather(R):  0.000635 s

Rodada 10 
Params: nq=128 npp=400000 d=300 k=1024  procs=2  threads/rank=8 verify=off

[KNN Timing]
Total (incl. Tx P/Q, compute, Rx R): 17.579853 s
  Bcast(P):   0.533397 s
  Scatter(Q): 0.000201 s
  Compute:    17.045579 s (threads/rank=8)
  Gather(R):  0.000668 s

/var/spool/slurmd/job16754/slurm_script: line 13: -: command not found
